{"/Users/mac/hello-world/istanbul-demo/sqrt.js":{"path":"/Users/mac/hello-world/istanbul-demo/sqrt.js","s":{"1":1,"2":2,"3":1,"4":1,"5":1},"b":{"1":[1,1]},"f":{"1":2},"fnMap":{"1":{"name":"(anonymous_1)","line":2,"loc":{"start":{"line":2,"column":7},"end":{"line":2,"column":18}}}},"statementMap":{"1":{"start":{"line":1,"column":0},"end":{"line":6,"column":2}},"2":{"start":{"line":3,"column":4},"end":{"line":3,"column":40}},"3":{"start":{"line":3,"column":12},"end":{"line":3,"column":40}},"4":{"start":{"line":4,"column":3},"end":{"line":4,"column":33}},"5":{"start":{"line":8,"column":0},"end":{"line":8,"column":18}}},"branchMap":{"1":{"line":3,"type":"if","locations":[{"start":{"line":3,"column":4},"end":{"line":3,"column":4}},{"start":{"line":3,"column":4},"end":{"line":3,"column":4}}]}}}}